$00: bytes: 0 cycles: 0 _____=>_____ __ 
$01: bytes: 2 cycles: 6 A____=>____P R_ izx
$02: CRASH
$03: bytes: 2 cycles: 8 A____=>____P RW izx
$04: bytes: 2 cycles: 3 _____=>_____ R_ zp
$05: bytes: 2 cycles: 3 A____=>A___P R_ zp
$06: bytes: 2 cycles: 5 _____=>____P RW zp
$07: bytes: 2 cycles: 5 A____=>A___P RW zp
$08: bytes: 1 cycles: 3 ___SP=>___S_ _W 
$09: bytes: 2 cycles: 2 _____=>A___P __ 
$0A: bytes: 1 cycles: 2 A____=>A___P __ 
$0B: bytes: 2 cycles: 2 A____=>____P __ 
$0C: bytes: 3 cycles: 4 _____=>_____ R_ abs
$0D: bytes: 3 cycles: 4 A____=>A___P R_ abs
$0E: bytes: 3 cycles: 6 _____=>____P RW abs
$0F: bytes: 3 cycles: 6 A____=>A___P RW abs
$10: bytes: 2 cycles: 3 ____P=>_____ __ 
$11: bytes: 2 cycles: 5 A____=>____P R_ izy
$12: CRASH
$13: bytes: 2 cycles: 8 A____=>____P RW izy
$14: bytes: 2 cycles: 4 _____=>_____ R_ zpx
$15: bytes: 2 cycles: 4 A____=>A___P R_ zpx
$16: bytes: 2 cycles: 6 _____=>____P RW zpx
$17: bytes: 2 cycles: 6 A____=>A___P RW zpx
$18: bytes: 1 cycles: 2 _____=>____P __ 
$19: bytes: 3 cycles: 4 A____=>A___P R_ absy
$1A: bytes: 1 cycles: 2 _____=>_____ __ 
$1B: bytes: 3 cycles: 7 A____=>A___P RW absy
$1C: bytes: 3 cycles: 4 _____=>_____ R_ absx
$1D: bytes: 3 cycles: 4 A____=>A___P R_ absx
$1E: bytes: 3 cycles: 7 _____=>____P RW absx
$1F: bytes: 3 cycles: 7 A____=>A___P RW absx
$20: bytes: X cycles: 6 ___S_=>___S_ _W 
$21: bytes: 2 cycles: 6 _____=>A___P R_ izx
$22: CRASH
$23: bytes: 2 cycles: 8 ____P=>A___P RW izx
$24: bytes: 2 cycles: 3 A____=>____P R_ zp
$25: bytes: 2 cycles: 3 A____=>A___P R_ zp
$26: bytes: 2 cycles: 5 ____P=>____P RW zp
$27: bytes: 2 cycles: 5 A___P=>A___P RW zp
$28: bytes: 1 cycles: 4 ___S_=>___SP __ 
$29: bytes: 2 cycles: 2 A____=>A___P __ 
$2A: bytes: 1 cycles: 2 A___P=>A___P __ 
$2B: bytes: 2 cycles: 2 A____=>____P __ 
$2C: bytes: 3 cycles: 4 A____=>____P R_ abs
$2D: bytes: 3 cycles: 4 A____=>A___P R_ abs
$2E: bytes: 3 cycles: 6 ____P=>____P RW abs
$2F: bytes: 3 cycles: 6 A___P=>A___P RW abs
$30: bytes: 2 cycles: 2 ____P=>_____ __ 
$31: bytes: 2 cycles: 5 _____=>A___P R_ izy
$32: CRASH
$33: bytes: 2 cycles: 8 ____P=>A___P RW izy
$34: bytes: 2 cycles: 4 _____=>_____ R_ zpx
$35: bytes: 2 cycles: 4 A____=>A___P R_ zpx
$36: bytes: 2 cycles: 6 ____P=>____P RW zpx
$37: bytes: 2 cycles: 6 A___P=>A___P RW zpx
$38: bytes: 1 cycles: 2 _____=>____P __ 
$39: bytes: 3 cycles: 4 A____=>A___P R_ absy
$3A: bytes: 1 cycles: 2 _____=>_____ __ 
$3B: bytes: 3 cycles: 7 A___P=>A___P RW absy
$3C: bytes: 3 cycles: 4 _____=>_____ R_ absx
$3D: bytes: 3 cycles: 4 A____=>A___P R_ absx
$3E: bytes: 3 cycles: 7 ____P=>____P RW absx
$3F: bytes: 3 cycles: 7 A___P=>A___P RW absx
$40: bytes: X cycles: 6 ___S_=>___SP __ 
$41: bytes: 2 cycles: 6 A____=>____P R_ izx
$42: CRASH
$43: bytes: 2 cycles: 8 A____=>____P RW izx
$44: bytes: 2 cycles: 3 _____=>_____ R_ zp
$45: bytes: 2 cycles: 3 A____=>A___P R_ zp
$46: bytes: 2 cycles: 5 _____=>____P RW zp
$47: bytes: 2 cycles: 5 A____=>A___P RW zp
$48: bytes: 1 cycles: 3 A__S_=>___S_ _W 
$49: bytes: 2 cycles: 2 A____=>A___P __ 
$4A: bytes: 1 cycles: 2 A____=>A___P __ 
$4B: bytes: 2 cycles: 2 A____=>A___P __ 
$4C: bytes: X cycles: 3 _____=>_____ __ 
$4D: bytes: 3 cycles: 4 A____=>A___P R_ abs
$4E: bytes: 3 cycles: 6 _____=>____P RW abs
$4F: bytes: 3 cycles: 6 A____=>A___P RW abs
$50: bytes: 2 cycles: 3 ____P=>_____ __ 
$51: bytes: 2 cycles: 5 A____=>____P R_ izy
$52: CRASH
$53: bytes: 2 cycles: 8 A____=>____P RW izy
$54: bytes: 2 cycles: 4 _____=>_____ R_ zpx
$55: bytes: 2 cycles: 4 A____=>A___P R_ zpx
$56: bytes: 2 cycles: 6 _____=>____P RW zpx
$57: bytes: 2 cycles: 6 A____=>A___P RW zpx
$58: bytes: 1 cycles: 2 _____=>____P __ 
$59: bytes: 3 cycles: 4 A____=>A___P R_ absy
$5A: bytes: 1 cycles: 2 _____=>_____ __ 
$5B: bytes: 3 cycles: 7 A____=>A___P RW absy
$5C: bytes: 3 cycles: 4 _____=>_____ R_ absx
$5D: bytes: 3 cycles: 4 A____=>A___P R_ absx
$5E: bytes: 3 cycles: 7 _____=>____P RW absx
$5F: bytes: 3 cycles: 7 A____=>A___P RW absx
$60: bytes: X cycles: 6 ___S_=>___S_ __ 
$61: bytes: 2 cycles: 6 A___P=>A___P R_ izx
$62: CRASH
$63: bytes: 2 cycles: 8 A___P=>A___P RW izx
$64: bytes: 2 cycles: 3 _____=>_____ R_ zp
$65: bytes: 2 cycles: 3 A___P=>A___P R_ zp
$66: bytes: 2 cycles: 5 ____P=>____P RW zp
$67: bytes: 2 cycles: 5 A___P=>A___P RW zp
$68: bytes: 1 cycles: 4 ___S_=>A__SP __ 
$69: bytes: 2 cycles: 2 A___P=>A___P __ 
$6A: bytes: 1 cycles: 2 A___P=>A___P __ 
$6B: bytes: 2 cycles: 2 A___P=>A___P __ 
$6C: bytes: X cycles: 5 _____=>_____ __ 
$6D: bytes: 3 cycles: 4 A___P=>A___P R_ abs
$6E: bytes: 3 cycles: 6 ____P=>____P RW abs
$6F: bytes: 3 cycles: 6 A___P=>A___P RW abs
$70: bytes: 2 cycles: 2 ____P=>_____ __ 
$71: bytes: 2 cycles: 5 A___P=>A___P R_ izy
$72: CRASH
$73: bytes: 2 cycles: 8 A___P=>A___P RW izy
$74: bytes: 2 cycles: 4 _____=>_____ R_ zpx
$75: bytes: 2 cycles: 4 A___P=>A___P R_ zpx
$76: bytes: 2 cycles: 6 ____P=>____P RW zpx
$77: bytes: 2 cycles: 6 A___P=>A___P RW zpx
$78: bytes: 1 cycles: 2 _____=>____P __ 
$79: bytes: 3 cycles: 4 A___P=>A___P R_ absy
$7A: bytes: 1 cycles: 2 _____=>_____ __ 
$7B: bytes: 3 cycles: 7 A___P=>A___P RW absy
$7C: bytes: 3 cycles: 4 _____=>_____ R_ absx
$7D: bytes: 3 cycles: 4 A___P=>A___P R_ absx
$7E: bytes: 3 cycles: 7 ____P=>____P RW absx
$7F: bytes: 3 cycles: 7 A___P=>A___P RW absx
$80: bytes: 2 cycles: 2 _____=>_____ __ 
$81: bytes: 2 cycles: 6 A____=>_____ RW izx
$82: bytes: 2 cycles: 2 _____=>_____ __ 
$83: bytes: 2 cycles: 6 _____=>_____ RW izx
$84: bytes: 2 cycles: 3 __Y__=>_____ _W zp
$85: bytes: 2 cycles: 3 A____=>_____ _W zp
$86: bytes: 2 cycles: 3 _X___=>_____ _W zp
$87: bytes: 2 cycles: 3 _____=>_____ _W zp
$88: bytes: 1 cycles: 2 __Y__=>__Y_P __ 
$89: bytes: 2 cycles: 2 _____=>_____ __ 
$8A: bytes: 1 cycles: 2 _X___=>A___P __ 
$8B: bytes: 2 cycles: 2 _____=>A___P __ 
$8C: bytes: 3 cycles: 4 __Y__=>_____ _W abs
$8D: bytes: 3 cycles: 4 A____=>_____ _W abs
$8E: bytes: 3 cycles: 4 _X___=>_____ _W abs
$8F: bytes: 3 cycles: 4 _____=>_____ _W abs
$90: bytes: 2 cycles: 3 ____P=>_____ __ 
$91: bytes: 2 cycles: 6 A____=>_____ RW izy
$92: CRASH
$93: bytes: 2 cycles: 6 _____=>_____ RW izy
$94: bytes: 2 cycles: 4 __Y__=>_____ RW zpx
$95: bytes: 2 cycles: 4 A____=>_____ RW zpx
$96: bytes: 2 cycles: 4 _X___=>_____ RW zpy
$97: bytes: 2 cycles: 4 _____=>_____ RW zpy
$98: bytes: 1 cycles: 2 __Y__=>A___P __ 
$99: bytes: 3 cycles: 5 A____=>_____ RW absy
$9A: bytes: X cycles: 2 _X___=>___S_ __ 
$9B: bytes: X cycles: 5 __Y__=>___S_ _W 
$9C: bytes: 3 cycles: 5 __Y__=>_____ RW absx
$9D: bytes: 3 cycles: 5 A____=>_____ RW absx
$9E: bytes: 3 cycles: 5 _X___=>_____ RW absy
$9F: bytes: 3 cycles: 5 _____=>_____ RW absy
$A0: bytes: 2 cycles: 2 _____=>__Y_P __ 
$A1: bytes: 2 cycles: 6 _____=>A___P R_ izx
$A2: bytes: 2 cycles: 2 _____=>_X__P __ 
$A3: bytes: 2 cycles: 6 _____=>AX__P R_ izx
$A4: bytes: 2 cycles: 3 _____=>__Y_P R_ zp
$A5: bytes: 2 cycles: 3 _____=>A___P R_ zp
$A6: bytes: 2 cycles: 3 _____=>_X__P R_ zp
$A7: bytes: 2 cycles: 3 _____=>AX__P R_ zp
$A8: bytes: 1 cycles: 2 A____=>__Y_P __ 
$A9: bytes: 2 cycles: 2 _____=>A___P __ 
$AA: bytes: 1 cycles: 2 A____=>_X__P __ 
$AB: bytes: 2 cycles: 2 A____=>AX__P __ 
$AC: bytes: 3 cycles: 4 _____=>__Y_P R_ abs
$AD: bytes: 3 cycles: 4 _____=>A___P R_ abs
$AE: bytes: 3 cycles: 4 _____=>_X__P R_ abs
$AF: bytes: 3 cycles: 4 _____=>AX__P R_ abs
$B0: bytes: 2 cycles: 2 ____P=>_____ __ 
$B1: bytes: 2 cycles: 5 _____=>A___P R_ izy
$B2: CRASH
$B3: bytes: 2 cycles: 5 _____=>AX__P R_ izy
$B4: bytes: 2 cycles: 4 _____=>__Y_P R_ zpx
$B5: bytes: 2 cycles: 4 _____=>A___P R_ zpx
$B6: bytes: 2 cycles: 4 _____=>_X__P R_ zpy
$B7: bytes: 2 cycles: 4 _____=>AX__P R_ zpy
$B8: bytes: 1 cycles: 2 _____=>____P __ 
$B9: bytes: 3 cycles: 4 _____=>A___P R_ absy
$BA: bytes: 1 cycles: 2 ___S_=>_X__P __ 
$BB: bytes: 3 cycles: 4 ___S_=>AX__P R_ absy
$BC: bytes: 3 cycles: 4 _____=>__Y_P R_ absx
$BD: bytes: 3 cycles: 4 _____=>A___P R_ absx
$BE: bytes: 3 cycles: 4 _____=>_X__P R_ absy
$BF: bytes: 3 cycles: 4 _____=>AX__P R_ absy
$C0: bytes: 2 cycles: 2 __Y__=>____P __ 
$C1: bytes: 2 cycles: 6 A____=>____P R_ izx
$C2: bytes: 2 cycles: 2 _____=>_____ __ 
$C3: bytes: 2 cycles: 8 A____=>____P RW izx
$C4: bytes: 2 cycles: 3 __Y__=>____P R_ zp
$C5: bytes: 2 cycles: 3 A____=>____P R_ zp
$C6: bytes: 2 cycles: 5 _____=>____P RW zp
$C7: bytes: 2 cycles: 5 A____=>____P RW zp
$C8: bytes: 1 cycles: 2 __Y__=>__Y_P __ 
$C9: bytes: 2 cycles: 2 A____=>____P __ 
$CA: bytes: 1 cycles: 2 _X___=>_X__P __ 
$CB: bytes: 2 cycles: 2 _____=>_X__P __ 
$CC: bytes: 3 cycles: 4 __Y__=>____P R_ abs
$CD: bytes: 3 cycles: 4 A____=>____P R_ abs
$CE: bytes: 3 cycles: 6 _____=>____P RW abs
$CF: bytes: 3 cycles: 6 A____=>____P RW abs
$D0: bytes: 2 cycles: 3 ____P=>_____ __ 
$D1: bytes: 2 cycles: 5 A____=>____P R_ izy
$D2: CRASH
$D3: bytes: 2 cycles: 8 A____=>____P RW izy
$D4: bytes: 2 cycles: 4 _____=>_____ R_ zpx
$D5: bytes: 2 cycles: 4 A____=>____P R_ zpx
$D6: bytes: 2 cycles: 6 _____=>____P RW zpx
$D7: bytes: 2 cycles: 6 A____=>____P RW zpx
$D8: bytes: 1 cycles: 2 _____=>____P __ 
$D9: bytes: 3 cycles: 4 A____=>____P R_ absy
$DA: bytes: 1 cycles: 2 _____=>_____ __ 
$DB: bytes: 3 cycles: 7 A____=>____P RW absy
$DC: bytes: 3 cycles: 4 _____=>_____ R_ absx
$DD: bytes: 3 cycles: 4 A____=>____P R_ absx
$DE: bytes: 3 cycles: 7 _____=>____P RW absx
$DF: bytes: 3 cycles: 7 A____=>____P RW absx
$E0: bytes: 2 cycles: 2 _X___=>____P __ 
$E1: bytes: 2 cycles: 6 A___P=>A___P R_ izx
$E2: bytes: 2 cycles: 2 _____=>_____ __ 
$E3: bytes: 2 cycles: 8 A___P=>A___P RW izx
$E4: bytes: 2 cycles: 3 _X___=>____P R_ zp
$E5: bytes: 2 cycles: 3 A___P=>A___P R_ zp
$E6: bytes: 2 cycles: 5 _____=>____P RW zp
$E7: bytes: 2 cycles: 5 A___P=>A___P RW zp
$E8: bytes: 1 cycles: 2 _X___=>_X__P __ 
$E9: bytes: 2 cycles: 2 A___P=>A___P __ 
$EA: bytes: 1 cycles: 2 _____=>_____ __ 
$EB: bytes: 2 cycles: 2 A___P=>A___P __ 
$EC: bytes: 3 cycles: 4 _X___=>____P R_ abs
$ED: bytes: 3 cycles: 4 A___P=>A___P R_ abs
$EE: bytes: 3 cycles: 6 _____=>____P RW abs
$EF: bytes: 3 cycles: 6 A___P=>A___P RW abs
$F0: bytes: 2 cycles: 2 ____P=>_____ __ 
$F1: bytes: 2 cycles: 5 A___P=>A___P R_ izy
$F2: CRASH
$F3: bytes: 2 cycles: 8 A___P=>A___P RW izy
$F4: bytes: 2 cycles: 4 _____=>_____ R_ zpx
$F5: bytes: 2 cycles: 4 A___P=>A___P R_ zpx
$F6: bytes: 2 cycles: 6 _____=>____P RW zpx
$F7: bytes: 2 cycles: 6 A___P=>A___P RW zpx
$F8: bytes: 1 cycles: 2 _____=>____P __ 
$F9: bytes: 3 cycles: 4 A___P=>A___P R_ absy
$FA: bytes: 1 cycles: 2 _____=>_____ __ 
$FB: bytes: 3 cycles: 7 A___P=>A___P RW absy
$FC: bytes: 3 cycles: 4 _____=>_____ R_ absx
$FD: bytes: 3 cycles: 4 A___P=>A___P R_ absx
$FE: bytes: 3 cycles: 7 _____=>____P RW absx
$FF: bytes: 3 cycles: 7 A___P=>A___P RW absx
